{
  "stats": {
    "suites": 1,
    "tests": 1,
    "passes": 1,
    "pending": 0,
    "failures": 0,
    "start": "2023-07-30T13:39:44.343Z",
    "end": "2023-07-30T13:39:45.465Z",
    "duration": 1122,
    "testsRegistered": 1,
    "passPercent": 100,
    "pendingPercent": 0,
    "other": 0,
    "hasOther": false,
    "skipped": 0,
    "hasSkipped": false
  },
  "results": [
    {
      "uuid": "64be1e1a-9ba9-4e84-bdf4-eb81be8fc77e",
      "title": "",
      "fullFile": "/Users/user/Documents/sanber-47-api/test/suite/user.suite.js",
      "file": "/test/suite/user.suite.js",
      "beforeHooks": [],
      "afterHooks": [],
      "tests": [],
      "suites": [
        {
          "uuid": "ae3aee8f-d04e-4453-bc0b-c95ee691b1ab",
          "title": "Create User",
          "fullFile": "/Users/user/Documents/sanber-47-api/test/suite/user.suite.js",
          "file": "/test/suite/user.suite.js",
          "beforeHooks": [],
          "afterHooks": [],
          "tests": [
            {
              "title": "Succcess create a new user",
              "fullTitle": "Create User Succcess create a new user",
              "timedOut": false,
              "duration": 1117,
              "state": "passed",
              "speed": "slow",
              "pass": true,
              "fail": false,
              "pending": false,
              "context": null,
              "code": "//Get Token\nconst token = await getToken()\n//Create User\nconst payload = {\n    \"name\": \"kasir-serbaguna\",\n    \"email\": \"user@example.com\",\n    \"password\": \"jiasda2321@\"\n }\n \nconst response = await createUser(payload,token)\n//Assert\nexpect((await response).status).to.equal(201);\nexpect((await response).body.data.name).to.equal(payload.name); //DATA DRIVEN TESTING",
              "err": {},
              "uuid": "2cd51237-2315-4fe6-9369-40df97fc52bc",
              "parentUUID": "ae3aee8f-d04e-4453-bc0b-c95ee691b1ab",
              "isHook": false,
              "skipped": false
            }
          ],
          "suites": [],
          "passes": [
            "2cd51237-2315-4fe6-9369-40df97fc52bc"
          ],
          "failures": [],
          "pending": [],
          "skipped": [],
          "duration": 1117,
          "root": false,
          "rootEmpty": false,
          "_timeout": 2000
        }
      ],
      "passes": [],
      "failures": [],
      "pending": [],
      "skipped": [],
      "duration": 0,
      "root": true,
      "rootEmpty": true,
      "_timeout": 2000
    }
  ],
  "meta": {
    "mocha": {
      "version": "10.2.0"
    },
    "mochawesome": {
      "options": {
        "quiet": false,
        "reportFilename": "mochawesome",
        "saveHtml": true,
        "saveJson": true,
        "consoleReporter": "spec",
        "useInlineDiffs": false,
        "code": true
      },
      "version": "7.1.3"
    },
    "marge": {
      "options": null,
      "version": "6.2.0"
    }
  }
}